group_seed,username,hash_mode,pepper,ratelimit,userlock,captcha,totp,result,latency_ms,timestamp
496905569,12,sha256,,,,2,,wrong user or password,0,1766471371
496905569,user01,sha256,,,,2,,logged in,0,1766471401
496905569,1,sha256,,,,,,wrong user or password,0,1766488021
496905569,1,sha256,,,,,,wrong user or password,0,1766488060
496905569,1,sha256,,,,,True,logged in,0,1766488808
496905569,1,sha256,,,,,True,wrong user or password,0,1766488817
496905569,3,sha256,,,,,True,logged in,0,1766490090
496905569,3,sha256,,,,,True,wrong user or password,0,1766490093
496905569,1,sha256,,,,,True,wrong user or password,0,1766490196
496905569,1,sha256,,,,,True,logged in,0,1766491055
496905569,1,sha256,,,,,True,wrong user or password,0,1766491113
496905569,1,sha256,,,,,True,wrong user or password,0,1766492796
496905569,1,sha256,,,,,,wrong user or password,0,1766492812
496905569,1,sha256,,,,,True,wrong user or password,0,1766493011
496905569,1,sha256,,,,,True,wrong user or password,0,1766493016
496905569,1,sha256,,,,,,wrong user or password,0,1766493966
496905569,12,sha256,,,,,,logged in,0,1766493984
496905569,12,sha256,,,,,,wrong user or password,0,1766493986
496905569,1,sha256,,,,,,wrong user or password,0,1766558247
496905569,1,sha256,,,,,,wrong user or password,0,1766558251
496905569,1,sha256,,,,,,logged in,0,1766558253
496905569,1,sha256,,,,,,wrong user or password,0,1766558509
496905569,1,sha256,,,,,,wrong user or password,0,1766558511
496905569,1,sha256,,,,,,wrong user or password,0,1766558513
496905569,1,sha256,,,,,,wrong user or password,0,1766558515
496905569,1,sha256,,,,,,wrong user or password,0,1766558518
496905569,1,sha256,,,,,,wrong user or password,0,1766558520
496905569,1,sha256,,,,,,wrong user or password,0,1766558590
496905569,1,sha256,,,,,,wrong user or password,0,1766558592
496905569,1,sha256,,,,,,wrong user or password,0,1766558594
496905569,1,sha256,,,,,,wrong user or password,0,1766558596
496905569,1,sha256,,,,,,wrong user or password,0,1766558598
496905569,1,sha256,,,,,,wrong user or password,0,1766558600
496905569,1,sha256,,,,,,wrong user or password,0,1766558634
496905569,1,sha256,,,,,,wrong user or password,0,1766558636
496905569,1,sha256,,,,,,wrong user or password,0,1766558638
496905569,1,sha256,,,,,,wrong user or password,0,1766558640
496905569,1,sha256,,,,,,wrong user or password,0,1766558642
496905569,1,sha256,,,,,,wrong user or password,0,1766558644
496905569,,sha256,,,,,,wrong user or password,0,1766559245
496905569,1,sha256,,,,,,wrong user or password,0,1766559247
496905569,,sha256,,,,,,wrong user or password,0,1766559249
496905569,1,sha256,,,,,,wrong user or password,0,1766559251
496905569,,sha256,,,,,,wrong user or password,0,1766559253
496905569,1,sha256,,,,,,wrong user or password,0,1766559255
496905569,,sha256,,,,,,wrong user or password,0,1766559257
496905569,1,sha256,,,,,,wrong user or password,0,1766559259
496905569,,sha256,,,,,,wrong user or password,0,1766559261
496905569,1,sha256,,,,,,wrong user or password,0,1766559263
496905569,,sha256,,,,,,wrong user or password,0,1766559265
496905569,1,sha256,,,,,,wrong user or password,0,1766559267
496905569,,sha256,,,80,,,wrong user or password,0,1766559309
496905569,1,sha256,,,80,,,wrong user or password,0,1766559311
496905569,,sha256,,,80,,,wrong user or password,0,1766559314
496905569,1,sha256,,,80,,,wrong user or password,0,1766559316
496905569,,sha256,,,80,,,wrong user or password,0,1766559318
496905569,1,sha256,,,80,,,wrong user or password,0,1766559320
496905569,,sha256,,,80,,,wrong user or password,0,1766559322
496905569,1,sha256,,,80,,,wrong user or password,0,1766559324
496905569,,sha256,,,80,,,wrong user or password,0,1766559326
496905569,1,sha256,,,80,,,wrong user or password,0,1766559328
496905569,,sha256,,,80,,,wrong user or password,0,1766559330
496905569,1,sha256,,,80,,,logged in,0,1766559332
496905569,,sha256,,,80,,,wrong user or password,0,1766559359
496905569,1,sha256,,,80,,,wrong user or password,0,1766559361
496905569,,sha256,,,80,,,wrong user or password,0,1766559363
496905569,1,sha256,,,80,,,wrong user or password,0,1766559366
496905569,,sha256,,,80,,,wrong user or password,0,1766559368
496905569,1,sha256,,,80,,,wrong user or password,0,1766559370
496905569,,sha256,,,80,,,wrong user or password,0,1766559372
496905569,1,sha256,,,80,,,wrong user or password,0,1766559374
496905569,,sha256,,,80,,,wrong user or password,0,1766559376
496905569,1,sha256,,,80,,,wrong user or password,0,1766559378
496905569,,sha256,,,80,,,wrong user or password,0,1766559380
496905569,1,sha256,,,80,,,wrong user or password,0,1766559382
496905569,,sha256,,,80,,,wrong user or password,0,1766559426
496905569,1,sha256,,,80,,,wrong user or password,0,1766559428
496905569,,sha256,,,80,,,wrong user or password,0,1766559430
496905569,1,sha256,,,80,,,wrong user or password,0,1766559432
496905569,,sha256,,,80,,,wrong user or password,0,1766559435
496905569,1,sha256,,,80,,,wrong user or password,0,1766559437
496905569,,sha256,,,80,,,wrong user or password,0,1766559439
496905569,1,sha256,,,80,,,wrong user or password,0,1766559441
496905569,,sha256,,,80,,,wrong user or password,0,1766559443
496905569,1,sha256,,,80,,,wrong user or password,0,1766559445
496905569,,sha256,,,80,,,wrong user or password,0,1766559447
496905569,1,sha256,,,80,,,wrong user or password,0,1766559449
496905569,1,sha256,,,2,,,wrong user or password,0,1766559585
496905569,,sha256,,,2,,,wrong user or password,0,1766559601
496905569,1,sha256,,,2,,,wrong user or password,0,1766559603
496905569,,sha256,,,2,,,wrong user or password,0,1766559605
496905569,1,sha256,,,2,,,wrong user or password,0,1766559607
496905569,,sha256,,,2,,,wrong user or password,0,1766559609
496905569,1,sha256,,,2,,,locked,0,1766559612
496905569,1,sha256,,,2,,,wrong user or password,0,1766559685
496905569,1,sha256,,,2,,,wrong user or password,0,1766559687
496905569,1,sha256,,,2,,,wrong user or password,0,1766559689
496905569,1,sha256,,,2,,,wrong user or password,0,1766559691
496905569,1,sha256,,,2,,,wrong user or password,0,1766559693
496905569,1,sha256,,,2,,,wrong user or password,0,1766559695
496905569,1,sha256,,,2,,,wrong user or password,0,1766559697
496905569,1,sha256,,,2,,,wrong user or password,0,1766559699
496905569,1,sha256,,,2,,,wrong user or password,0,1766559701
496905569,1,sha256,,,2,,,wrong user or password,0,1766559703
496905569,1,sha256,,,2,,,wrong user or password,0,1766559705
496905569,1,sha256,,,2,,,wrong user or password,0,1766559707
496905569,1,sha256,,,2,,,wrong user or password,0,1766559720
496905569,1,sha256,,,2,,,wrong user or password,0,1766559725
496905569,1,sha256,,,2,,,wrong user or password,0,1766559729
496905569,1,sha256,,,2,,,wrong user or password,0,1766559734
496905569,1,sha256,,,2,,,wrong user or password,0,1766559754
496905569,1,sha256,,,2,,,wrong user or password,0,1766559756
496905569,1,sha256,,,2,,,locked,0,1766559758
496905569,1,sha256,,,2,,,locked,0,1766559760
496905569,1,sha256,,,2,,,wrong user or password,0,1766559882
496905569,1,sha256,,,2,,,wrong user or password,0,1766559884
496905569,1,sha256,,,2,,,locked,0,1766559886
496905569,1,sha256,,,2,,,locked,0,1766559888
496905569,1,sha256,,,,,,wrong user or password,0,1766559961
496905569,1,sha256,,,,,,wrong user or password,0,1766559963
496905569,1,sha256,,,,,,wrong user or password,0,1766559965
496905569,1,sha256,,,,,,wrong user or password,0,1766559967
496905569,1,sha256,,,,,,wrong user or password,0,1766559969
496905569,1,sha256,,,,,,wrong user or password,0,1766559971
496905569,1,sha256,,,,,,wrong user or password,0,1766559973
496905569,1,sha256,,,,,,wrong user or password,0,1766559975
496905569,1,sha256,,,,,,wrong user or password,0,1766559977
496905569,1,sha256,,,,,,wrong user or password,0,1766559979
496905569,1,sha256,,,,,,logged in,0,1766559981
496905569,1,sha256,,,,,,logged in,0,1766559983
496905569,,sha256,,,,,,wrong user or password,0,1766560147
496905569,,sha256,,,,,,wrong user or password,0,1766560149
496905569,,sha256,,,,,,wrong user or password,0,1766560151
496905569,,sha256,,,,,,wrong user or password,0,1766560153
496905569,,sha256,,,,,,wrong user or password,0,1766560155
496905569,,sha256,,,,,,wrong user or password,0,1766560157
496905569,1,sha256,,,,,,wrong user or password,0,1766560206
496905569,1,sha256,,,,,,wrong user or password,0,1766560208
496905569,1,sha256,,,,,,wrong user or password,0,1766560210
496905569,1,sha256,,,,,,wrong user or password,0,1766560212
496905569,1,sha256,,,,,,wrong user or password,0,1766560214
496905569,1,sha256,,,,,,logged in,0,1766560216
496905569,1,sha256,,,,,,wrong user or password,0,1766561011
496905569,1,sha256,,,,,,wrong user or password,0,1766561013
496905569,1,sha256,,,,,,wrong user or password,0,1766561015
496905569,1,sha256,,,,,,wrong user or password,0,1766561018
496905569,1,sha256,,,,,,wrong user or password,0,1766561020
496905569,1,sha256,,,,,,logged in,0,1766561022
496905569,1,sha256,,,,,,wrong user or password,0,1766561140
496905569,1,sha256,,,,,,wrong user or password,0,1766561142
496905569,1,sha256,,,,,,wrong user or password,0,1766561144
496905569,1,sha256,,,,,,wrong user or password,0,1766561146
496905569,1,sha256,,,,,,wrong user or password,0,1766561148
496905569,1,sha256,,,,,,logged in,0,1766561150
496905569,1,sha256,,,,,,wrong user or password,0,1766561190
496905569,1,sha256,,,,,,wrong user or password,0,1766561192
496905569,1,sha256,,,,,,wrong user or password,0,1766561194
496905569,1,sha256,,,,,,wrong user or password,0,1766561196
496905569,1,sha256,,,,,,wrong user or password,0,1766561198
496905569,1,sha256,,,,,,logged in,0,1766561200
496905569,1,sha256,,,,,,wrong user or password,0,1766561388
496905569,1,sha256,,,,,,wrong user or password,0,1766561390
496905569,1,sha256,,,,,,wrong user or password,0,1766561392
496905569,1,sha256,,,,,,wrong user or password,0,1766561394
496905569,1,sha256,,,,,,wrong user or password,0,1766561396
496905569,1,sha256,,,,,,logged in,0,1766561398
496905569,1,sha256,,,,2,,wrong user or password,0,1766561436
496905569,1,sha256,,,,2,,wrong user or password,0,1766561438
496905569,1,sha256,,,,2,,wrong token,0,1766561442
496905569,1,sha256,,,,2,,wrong token,0,1766561446
496905569,1,sha256,,,,2,,wrong token,0,1766561450
496905569,1,sha256,,,,2,,wrong token,0,1766561454
496905569,1,sha256,,,,2,,wrong user or password,0,1766561524
496905569,1,sha256,,,,2,,wrong user or password,0,1766561526
496905569,1,sha256,,,,2,,wrong token,0,1766561530
496905569,1,sha256,,,,2,,wrong token,0,1766561534
496905569,1,sha256,,,,2,,wrong token,0,1766561538
496905569,1,sha256,,,,2,,wrong token,0,1766561542
496905569,1,sha256,,,,2,,wrong user or password,0,1766561571
496905569,1,sha256,,,,2,,wrong user or password,0,1766561574
496905569,1,sha256,,,,2,,wrong user or password,0,1766561619
496905569,1,sha256,,,,2,,wrong user or password,0,1766561706
496905569,1,sha256,,,,2,,wrong user or password,0,1766561708
496905569,1,sha256,,,,2,,wrong user or password,0,1766561712
496905569,1,sha256,,,,2,,wrong user or password,0,1766561714
496905569,1,sha256,,,,2,,wrong user or password,0,1766561718
496905569,1,sha256,,,,2,,logged in,0,1766561720
496905569,1,sha256,,,2,,,wrong user or password,0,1766561804
496905569,1,sha256,,,2,,,wrong user or password,0,1766561806
496905569,1,sha256,,,2,,,locked,0,1766561808
496905569,1,sha256,,2,,,,wrong user or password,0,1766561881
496905569,1,sha256,,2,,,,wrong user or password,0,1766561883
496905569,1,sha256,,2,,,,locked for 56 seconds,0,1766561885
496905569,1,sha256,,2,,,,locked for 54 seconds,0,1766561887
496905569,1,sha256,,2,,,,locked for 52 seconds,0,1766561889
496905569,1,sha256,,2,,,,locked for 50 seconds,0,1766561891
496905569,1,sha256,,2,,,,wrong user or password,0,1766562413
496905569,1,sha256,,2,,,,wrong user or password,0,1766562415
496905569,1,sha256,,2,,,,locked for 56 seconds,0,1766562417
496905569,1,sha256,,2,,,,locked for 54 seconds,0,1766562419
496905569,1,sha256,,2,,,,locked for 52 seconds,0,1766562421
496905569,1,sha256,,2,,,,locked for 50 seconds,0,1766562423
496905569,1,sha256,,2,,,,wrong user or password,0,1766562596
496905569,1,sha256,,2,,,,wrong user or password,0,1766562598
496905569,1,sha256,,2,,,,locked for 56 seconds,0,1766562600
496905569,1,sha256,,2,,,,locked for 54 seconds,0,1766562602
496905569,1,sha256,,2,,,,locked for 52 seconds,0,1766562604
496905569,1,sha256,,2,,,,locked for 50 seconds,0,1766562606
496905569,1,sha256,,2,,,,wrong user or password,0,1766562657
496905569,1,sha256,,2,,,,wrong user or password,0,1766562659
496905569,1,sha256,,2,,,,locked for 56 seconds,0,1766562661
496905569,1,sha256,,2,,,,wrong user or password,0,1766562724
496905569,1,sha256,,2,,,,wrong user or password,0,1766562726
496905569,1,sha256,,2,,,,locked for 56 seconds,0,1766562728
496905569,1,sha256,,2,,,,wrong user or password,0,1766562790
496905569,1,sha256,,2,,,,logged in,0,1766562792
496905569,1,sha256,,4,,,,wrong user or password,0,1766563714
496905569,1,sha256,,4,,,,wrong user or password,0,1766563716
496905569,1,sha256,,4,,,,wrong user or password,0,1766563718
496905569,1,sha256,,4,,,,wrong user or password,0,1766563720
496905569,1,sha256,,4,,,,locked for 52 seconds,0,1766563722
496905569,1,sha256,,4,,,,wrong user or password,0,1766563784
496905569,1,sha256,,4,,,,logged in,0,1766563786
496905569,1,sha256,,,,,True,logged in,0,1766568790
496905569,2,sha256,,,,,True,logged in,0,1766568799
496905569,2,sha256,,,,,True,logged in,1000,1766568806
496905569,3,sha256,,,,,True,wrong user or password,0,1766568809
496905569,1,sha256,,,,,True,logged in,1000,1766569111
496905569,1,sha256,,,,,True,logged in,0,1766569114
496905569,2,sha256,,,,,True,logged in,0,1766569193
496905569,2,sha256,,,,,True,wrong user or password,0,1766569197
496905569,1,sha256,,,,,True,OTP req TEST!!!!!!!!!!!!!!!!!!!!!!!!!!!!!!!!!,0,1766569608
496905569,1,sha256,,,,,True,logged in,0,1766569650
496905569,1,sha256,,,,,True,logged in,0,1766569661
496905569,1,sha256,,,,,True,OTP req TEST!!!!!!!!!!!!!!!!!!!!!!!!!!!!!!!!!,0,1766570331
496905569,1,sha256,,,,,True,OTP req TEST!!!!!!!!!!!!!!!!!!!!!!!!!!!!!!!!!,0,1766570336
496905569,1,sha256,,,,,True,logged in,0,1766570339
496905569,1,sha256,,,,,True,logged in,1000,1766570344
496905569,1,sha256,,,,,True,wrong user or password,1000,1766570349
496905569,1,sha256,,,,,True,OTP req TEST!!!!!!!!!!!!!!!!!!!!!!!!!!!!!!!!!,0,1766570847
496905569,1,sha256,,,,,True,wrong user or password,0,1766570853
496905569,1,sha256,,,,,True,wrong user or password,1000,1766570858
496905569,1,sha256,,,,,True,OTP req TEST!!!!!!!!!!!!!!!!!!!!!!!!!!!!!!!!!,0,1766570861
496905569,1,sha256,,,,,True,logged in,0,1766571036
496905569,1,sha256,,,,,True,logged in,0,1766571039
496905569,2,sha256,,,,,True,OTP req TEST!!!!!!!!!!!!!!!!!!!!!!!!!!!!!!!!!,0,1766571053
496905569,1,sha256,,,,,True,logged in,0,1766571089
496905569,2,sha256,,,,,True,OTP required,0,1766571093
496905569,2,sha256,,,,,True,wrong user or password,0,1766571099
496905569,2,sha256,,,,,True,wrong user or password,0,1766571102
496905569,1,sha256,,,,,,wrong user or password,0,1766571130
496905569,1,sha256,,,,,,logged in,0,1766571135
496905569,1,sha256,,,,,True,wrong user or password,0,1766571967
496905569,1,sha256,,,,,True,wrong user or password,0,1766571972
496905569,1,sha256,,,,,True,logged in,0,1766572243
496905569,2,sha256,,,,,True,OTP required,0,1766572248
496905569,2,sha256,,,,,True,OTP required,0,1766572252
496905569,2,sha256,,,,,True,wrong user or password,0,1766572259
496905569,2,sha256,,,,,True,OTP required,0,1766572262
496905569,2,sha256,,,,,True,OTP required,0,1766572269
496905569,2,sha256,,,,,True,wrong user or password,0,1766572273
496905569,2,sha256,,,,,True,OTP required,0,1766572332
496905569,1,sha256,,,,,True,logged in,0,1766572355
496905569,2,sha256,,,,,True,wrong user or password,1000,1766572372
496905569,2,sha256,,,,,True,OTP required,0,1766572378
496905569,1,sha256,,,,,True,logged in,0,1766572384
496905569,2,sha256,,,,,True,wrong user or password,0,1766572411
496905569,2,sha256,,,,,True,wrong user or password,0,1766572435
496905569,12,sha256,,,,,True,wrong user or password,0,1766572469
496905569,1,sha256,,,,,True,OTP required,0,1766572536
496905569,1,sha256,,,,,True,OTP required,0,1766572547
496905569,2,sha256,,,,,True,logged in,0,1766572561
496905569,1,sha256,,,,,True,OTP required,0,1766572568
496905569,11,sha256,,,,,True,OTP required,0,1766572953
496905569,1,sha256,,,,,True,OTP required,0,1766573005
496905569,2,sha256,,,,,True,OTP required,0,1766573027
496905569,1,sha256,,,,,True,OTP required,0,1766573038
496905569,1,sha256,,,,2,True,OTP required,0,1766573103
496905569,1,sha256,,,,2,True,OTP required,0,1766573105
496905569,1,sha256,,,,,True,wrong user or password,0,1766574792
496905569,2,sha256,,,,,True,logged in,0,1766574829
496905569,2,sha256,,,,,True,wrong user or password,0,1766574842
496905569,3,sha256,,,,,True,logged in,0,1766575037
496905569,5,sha256,,,,,True,wrong user or password,0,1766575052
496905569,1,sha256,,,,,True,wrong user or password,0,1766575310
496905569,1,sha256,,,,,,wrong user or password,0,1766575334
496905569,1,sha256,,,,,True,wrong user or password,0,1766575564
496905569,1,sha256,,,,,True,logged in,0,1766575566
496905569,2,sha256,,,,,True,wrong user or password,0,1766575579
496905569,2,sha256,,,,,True,OTP required,0,1766575581
496905569,2,sha256,,,,,True,wrong user or password,0,1766575611
496905569,2,sha256,,,,,True,wrong user or password,0,1766575630
496905569,3,sha256,,,,,True,logged in,0,1766575668
496905569,3,sha256,,,,,True,wrong user or password,0,1766575744
496905569,3,sha256,,,,,True,wrong user or password,0,1766575750
496905569,3,sha256,,,,,True,logged in,0,1766575766
496905569,1,sha256,,,,,True,logged in,0,1766576027
496905569,1,sha256,,,,,True,wrong user or password,1000,1766576047
496905569,1,sha256,,,,,True,logged in,0,1766577025
496905569,1,sha256,,,,,True,logged in,0,1766577033
496905569,1,sha256,,,,,True,logged in,0,1766577041
496905569,1,sha256,,,,,True,wrong user or password,0,1766577060
496905569,1,sha256,,,,,True,wrong user or password,0,1766577064
496905569,1,sha256,,,,,True,wrong user or password,0,1766577071
496905569,1,sha256,,,,,True,wrong user or password,0,1766577085
496905569,1,sha256,,,,,True,logged in,0,1766577089
496905569,1,sha256,,,,,True,wrong user or password,0,1766577096
496905569,1,sha256,,,,,True,logged in,0,1766577102
496905569,1,sha256,,,,,True,OTP required,0,1766577124
496905569,1,sha256,,,,,True,OTP required,0,1766577164
496905569,1,sha256,,,,,True,OTP required,0,1766577239
496905569,2,sha256,,,,,True,wrong user or password,0,1766577246
496905569,2,sha256,,,,,True,logged in,0,1766577254
496905569,2,sha256,,2,,,,logged in,0,1766578268
496905569,2,sha256,,2,,,,wrong user or password,0,1766578271
496905569,2,sha256,,2,,,,wrong user or password,0,1766578274
496905569,2,sha256,,2,,,,locked for 53 seconds,0,1766578278
496905569,1,sha256,,,,,,wrong user or password,0,1766578327
